# JRE version: OpenJDK Runtime Environment (8.0_242-b01) (build 1.8.0_242-release-1644-b01)
# Java VM: OpenJDK 64-Bit Server VM (25.242-b01 mixed mode windows-amd64 compressed oops)
Heap:
 PSYoungGen      total 232960K, used 42687K [0x00000000eab00000, 0x0000000100000000, 0x0000000100000000)
  eden space 116736K, 32% used [0x00000000eab00000,0x00000000ecfbe200,0x00000000f1d00000)
  from space 116224K, 4% used [0x00000000f1d00000,0x00000000f21f1a00,0x00000000f8e80000)
  to   space 116224K, 0% used [0x00000000f8e80000,0x00000000f8e80000,0x0000000100000000)
 ParOldGen       total 489984K, used 328524K [0x00000000c0000000, 0x00000000dde80000, 0x00000000eab00000)
  object space 489984K, 67% used [0x00000000c0000000,0x00000000d40d3048,0x00000000dde80000)
 Metaspace       used 109111K, capacity 118544K, committed 118824K, reserved 1153024K
  class space    used 13869K, capacity 15874K, committed 15920K, reserved 1048576K
GC Heap History (10 events):
Event: 751.323 GC heap before
{Heap before GC invocations=64 (full 7):
 PSYoungGen      total 233472K, used 181990K [0x00000000eab00000, 0x00000000ff400000, 0x0000000100000000)
  eden space 144384K, 100% used [0x00000000eab00000,0x00000000f3800000,0x00000000f3800000)
  from space 89088K, 42% used [0x00000000f9d00000,0x00000000fc1b9a90,0x00000000ff400000)
  to   space 96256K, 0% used [0x00000000f3800000,0x00000000f3800000,0x00000000f9600000)
 ParOldGen       total 489984K, used 321101K [0x00000000c0000000, 0x00000000dde80000, 0x00000000eab00000)
  object space 489984K, 65% used [0x00000000c0000000,0x00000000d3993678,0x00000000dde80000)
 Metaspace       used 108602K, capacity 117976K, committed 118056K, reserved 1150976K
  class space    used 13845K, capacity 15844K, committed 15920K, reserved 1048576K
Event: 751.763 GC heap after
Heap after GC invocations=64 (full 7):
 PSYoungGen      total 240640K, used 63469K [0x00000000eab00000, 0x0000000100000000, 0x0000000100000000)
  eden space 144384K, 0% used [0x00000000eab00000,0x00000000eab00000,0x00000000f3800000)
  from space 96256K, 65% used [0x00000000f3800000,0x00000000f75fb470,0x00000000f9600000)
  to   space 100352K, 0% used [0x00000000f9e00000,0x00000000f9e00000,0x0000000100000000)
 ParOldGen       total 489984K, used 321109K [0x00000000c0000000, 0x00000000dde80000, 0x00000000eab00000)
  object space 489984K, 65% used [0x00000000c0000000,0x00000000d3995678,0x00000000dde80000)
 Metaspace       used 108602K, capacity 117976K, committed 118056K, reserved 1150976K
  class space    used 13845K, capacity 15844K, committed 15920K, reserved 1048576K
}
Event: 754.620 GC heap before
{Heap before GC invocations=65 (full 7):
 PSYoungGen      total 240640K, used 207853K [0x00000000eab00000, 0x0000000100000000, 0x0000000100000000)
  eden space 144384K, 100% used [0x00000000eab00000,0x00000000f3800000,0x00000000f3800000)
  from space 96256K, 65% used [0x00000000f3800000,0x00000000f75fb470,0x00000000f9600000)
  to   space 100352K, 0% used [0x00000000f9e00000,0x00000000f9e00000,0x0000000100000000)
 ParOldGen       total 489984K, used 321109K [0x00000000c0000000, 0x00000000dde80000, 0x00000000eab00000)
  object space 489984K, 65% used [0x00000000c0000000,0x00000000d3995678,0x00000000dde80000)
 Metaspace       used 108657K, capacity 118040K, committed 118312K, reserved 1150976K
  class space    used 13846K, capacity 15844K, committed 15920K, reserved 1048576K
Event: 755.075 GC heap after
Heap after GC invocations=65 (full 7):
 PSYoungGen      total 229376K, used 81014K [0x00000000eab00000, 0x0000000100000000, 0x0000000100000000)
  eden space 129024K, 0% used [0x00000000eab00000,0x00000000eab00000,0x00000000f2900000)
  from space 100352K, 80% used [0x00000000f9e00000,0x00000000fed1daa0,0x0000000100000000)
  to   space 110080K, 0% used [0x00000000f2900000,0x00000000f2900000,0x00000000f9480000)
 ParOldGen       total 489984K, used 321109K [0x00000000c0000000, 0x00000000dde80000, 0x00000000eab00000)
  object space 489984K, 65% used [0x00000000c0000000,0x00000000d3995678,0x00000000dde80000)
 Metaspace       used 108657K, capacity 118040K, committed 118312K, reserved 1150976K
  class space    used 13846K, capacity 15844K, committed 15920K, reserved 1048576K
}
Event: 758.037 GC heap before
{Heap before GC invocations=66 (full 7):
 PSYoungGen      total 229376K, used 210038K [0x00000000eab00000, 0x0000000100000000, 0x0000000100000000)
  eden space 129024K, 100% used [0x00000000eab00000,0x00000000f2900000,0x00000000f2900000)
  from space 100352K, 80% used [0x00000000f9e00000,0x00000000fed1daa0,0x0000000100000000)
  to   space 110080K, 0% used [0x00000000f2900000,0x00000000f2900000,0x00000000f9480000)
 ParOldGen       total 489984K, used 321109K [0x00000000c0000000, 0x00000000dde80000, 0x00000000eab00000)
  object space 489984K, 65% used [0x00000000c0000000,0x00000000d3995678,0x00000000dde80000)
 Metaspace       used 108726K, capacity 118120K, committed 118312K, reserved 1150976K
  class space    used 13852K, capacity 15846K, committed 15920K, reserved 1048576K
Event: 758.128 GC heap after
Heap after GC invocations=66 (full 7):
 PSYoungGen      total 212992K, used 83478K [0x00000000eab00000, 0x0000000100000000, 0x0000000100000000)
  eden space 129024K, 0% used [0x00000000eab00000,0x00000000eab00000,0x00000000f2900000)
  from space 83968K, 99% used [0x00000000f2900000,0x00000000f7a85aa0,0x00000000f7b00000)
  to   space 116224K, 0% used [0x00000000f8e80000,0x00000000f8e80000,0x0000000100000000)
 ParOldGen       total 489984K, used 321117K [0x00000000c0000000, 0x00000000dde80000, 0x00000000eab00000)
  object space 489984K, 65% used [0x00000000c0000000,0x00000000d3997678,0x00000000dde80000)
 Metaspace       used 108726K, capacity 118120K, committed 118312K, reserved 1150976K
  class space    used 13852K, capacity 15846K, committed 15920K, reserved 1048576K
}
Event: 759.387 GC heap before
{Heap before GC invocations=67 (full 7):
 PSYoungGen      total 212992K, used 212502K [0x00000000eab00000, 0x0000000100000000, 0x0000000100000000)
  eden space 129024K, 100% used [0x00000000eab00000,0x00000000f2900000,0x00000000f2900000)
  from space 83968K, 99% used [0x00000000f2900000,0x00000000f7a85aa0,0x00000000f7b00000)
  to   space 116224K, 0% used [0x00000000f8e80000,0x00000000f8e80000,0x0000000100000000)
 ParOldGen       total 489984K, used 321117K [0x00000000c0000000, 0x00000000dde80000, 0x00000000eab00000)
  object space 489984K, 65% used [0x00000000c0000000,0x00000000d3997678,0x00000000dde80000)
 Metaspace       used 108747K, capacity 118120K, committed 118312K, reserved 1150976K
  class space    used 13853K, capacity 15846K, committed 15920K, reserved 1048576K
Event: 759.554 GC heap after
Heap after GC invocations=67 (full 7):
 PSYoungGen      total 232960K, used 79412K [0x00000000eab00000, 0x0000000100000000, 0x0000000100000000)
  eden space 116736K, 0% used [0x00000000eab00000,0x00000000eab00000,0x00000000f1d00000)
  from space 116224K, 68% used [0x00000000f8e80000,0x00000000fdc0d130,0x0000000100000000)
  to   space 116224K, 0% used [0x00000000f1d00000,0x00000000f1d00000,0x00000000f8e80000)
 ParOldGen       total 489984K, used 326166K [0x00000000c0000000, 0x00000000dde80000, 0x00000000eab00000)
  object space 489984K, 66% used [0x00000000c0000000,0x00000000d3e85860,0x00000000dde80000)
 Metaspace       used 108747K, capacity 118120K, committed 118312K, reserved 1150976K
  class space    used 13853K, capacity 15846K, committed 15920K, reserved 1048576K
}
Event: 9216.071 GC heap before
{Heap before GC invocations=68 (full 7):
 PSYoungGen      total 232960K, used 196148K [0x00000000eab00000, 0x0000000100000000, 0x0000000100000000)
  eden space 116736K, 100% used [0x00000000eab00000,0x00000000f1d00000,0x00000000f1d00000)
  from space 116224K, 68% used [0x00000000f8e80000,0x00000000fdc0d130,0x0000000100000000)
  to   space 116224K, 0% used [0x00000000f1d00000,0x00000000f1d00000,0x00000000f8e80000)
 ParOldGen       total 489984K, used 326166K [0x00000000c0000000, 0x00000000dde80000, 0x00000000eab00000)
  object space 489984K, 66% used [0x00000000c0000000,0x00000000d3e85860,0x00000000dde80000)
 Metaspace       used 108905K, capacity 118260K, committed 118568K, reserved 1153024K
  class space    used 13855K, capacity 15848K, committed 15920K, reserved 1048576K
Event: 9217.112 GC heap after
Heap after GC invocations=68 (full 7):
 PSYoungGen      total 232960K, used 5062K [0x00000000eab00000, 0x0000000100000000, 0x0000000100000000)
  eden space 116736K, 0% used [0x00000000eab00000,0x00000000eab00000,0x00000000f1d00000)
  from space 116224K, 4% used [0x00000000f1d00000,0x00000000f21f1a00,0x00000000f8e80000)
  to   space 116224K, 0% used [0x00000000f8e80000,0x00000000f8e80000,0x0000000100000000)
 ParOldGen       total 489984K, used 328524K [0x00000000c0000000, 0x00000000dde80000, 0x00000000eab00000)
  object space 489984K, 67% used [0x00000000c0000000,0x00000000d40d3048,0x00000000dde80000)
 Metaspace       used 108905K, capacity 118260K, committed 118568K, reserved 1153024K
  class space    used 13855K, capacity 15848K, committed 15920K, reserved 1048576K
}

